2024-07-22 11:33:52 - PIMC V1.1
2024-07-22 11:33:52 - Avalible CPUs: 8
2024-07-22 11:33:52 - Used CPUs: 1
2024-07-22 11:33:52 - JIT compiler: True
2024-07-22 11:33:52 - Virial estimator: True
2024-07-22 11:33:52 - T: [0.00095]
2024-07-22 11:33:52 - lam: [0.0005443213673352747]
2024-07-22 11:33:52 - rand_seed: 4772618
2024-07-22 11:33:52 - numParticles: 1
2024-07-22 11:33:52 - numTimeSlices: 20
2024-07-22 11:33:52 - Stage length: 18
2024-07-22 11:33:52 - Delta (CoM): 2.46
2024-07-22 11:33:56 - (0.00095) numAccept: {'CoM': 0.00118, 'Staging': 0.0312, 'Bead': 0.0, 'eChange': 0.0}
2024-07-22 11:33:57 - Some statistics on the energy estimator...
2024-07-22 11:33:57 - (0.00095) Mean: -1.1585522508460402(+/-)6.028896455353748e-09; Estimated Mean: -1.1585552710751716; Bias: -3.0202291314562757e-06
2024-07-22 11:33:57 - (0.00095) IAT: 7.29; (max_lag=30)
2024-07-22 11:33:57 - (0.00095) ESS/TOT: 0.12
2024-07-22 11:33:57 - Warning: GR statistic not possible to compute with one chain. Pleas check convergance manually.
2024-07-22 11:33:57 - Population of the eStates
2024-07-22 11:33:57 - (0.00095) eState: 0.0, Populated: 100.00%
2024-07-22 11:37:41 - Some statistics on the energy estimator...
2024-07-22 11:37:41 - (0.00095) Mean: -1.1585522508460402(+/-)5.812258075444482e-09; Estimated Mean: -1.1585541756669484; Bias: -1.9248209082167733e-06
2024-07-22 11:37:41 - (0.00095) IAT: 7.29; (max_lag=30)
2024-07-22 11:37:41 - (0.00095) ESS/TOT: 0.12
2024-07-22 11:37:41 - Warning: GR statistic not possible to compute with one chain. Pleas check convergance manually.
2024-07-22 11:37:41 - Population of the eStates
2024-07-22 11:37:42 - (0.00095) eState: 0.0, Populated: 100.00%
2024-07-22 11:37:50 - Some statistics on the energy estimator...
2024-07-22 11:37:50 - (0.00095) Mean: -1.1585522508460402(+/-)5.6696783048940055e-09; Estimated Mean: -1.1585504162699762; Bias: 1.8345760639526532e-06
2024-07-22 11:37:50 - (0.00095) IAT: 7.29; (max_lag=30)
2024-07-22 11:37:50 - (0.00095) ESS/TOT: 0.12
2024-07-22 11:37:50 - Warning: GR statistic not possible to compute with one chain. Pleas check convergance manually.
2024-07-22 11:37:50 - Population of the eStates
2024-07-22 11:37:50 - (0.00095) eState: 0.0, Populated: 100.00%
2024-07-22 11:37:50 - Mean bond length r_0 = 1.4536850571653965(+/-)0.00020449411893126764
