2024-08-20 15:52:44 - PIMC V1.1
2024-08-20 15:52:44 - Avalible CPUs: 12
2024-08-20 15:52:44 - Used CPUs: 3
2024-08-20 15:52:44 - JIT compiler: False
2024-08-20 15:52:44 - Virial estimator: True
2024-08-20 15:52:44 - T: [0.5, 2.0, 4.0]
2024-08-20 15:52:44 - lam: [0.5]
2024-08-20 15:52:44 - rand_seed: 111
2024-08-20 15:52:44 - numParticles: 1
2024-08-20 15:52:44 - numTimeSlices: 20
2024-08-20 15:52:44 - Stage length: 8
2024-08-20 15:52:44 - Delta (CoM): 1.0
2024-08-20 15:52:44 - Only global e-changes: Adiabatic limit (ecL: inf, eCG: 1)
2024-08-20 15:52:47 - Warning: Could not load shared library for PoE.
2024-08-20 15:52:47 - xi_possible: [ 0  2  4  6  8 10 12 14 16 18 20]
2024-08-20 15:52:47 - Warning: Could not load shared library for PoE.
2024-08-20 15:52:47 - xi_possible: [ 0  2  4  6  8 10 12 14 16 18 20]
2024-08-20 15:52:47 - Warning: Could not load shared library for PoE.
2024-08-20 15:52:47 - xi_possible: [ 0  2  4  6  8 10 12 14 16 18 20]
2024-08-20 15:58:25 - (2.0) numAccept: {'CoM': 0.73486, 'Staging': 0.9707433333333333, 'Bead': 0.0, 'eChange': 0.0}
2024-08-20 15:58:25 - (0.5) numAccept: {'CoM': 0.5032833333333333, 'Staging': 0.86693, 'Bead': 0.0, 'eChange': 0.0}
2024-08-20 15:58:27 - (4.0) numAccept: {'CoM': 0.8107766666666667, 'Staging': 0.98574, 'Bead': 0.0, 'eChange': 0.0}
2024-08-20 15:58:28 - Some statistics on the energy estimator...
2024-08-20 15:58:28 - (0.5) Mean: 1.6882900507052876(+/-)2.6778544940151784e-05; Estimated Mean: 1.6885012146984175; Bias: 0.00021116399312992584
2024-08-20 15:58:28 - (0.5) IAT: 1.06; (max_lag=30)
2024-08-20 15:58:28 - (0.5) ESS/TOT: 0.96
2024-08-20 15:58:28 - (2.0) Mean: 6.06890499609789(+/-)0.0004332450758566938; Estimated Mean: 6.070194513979157; Bias: 0.001289517881266633
2024-08-20 15:58:28 - (2.0) IAT: 1.35; (max_lag=30)
2024-08-20 15:58:28 - (2.0) ESS/TOT: 0.80
2024-08-20 15:58:28 - (4.0) Mean: 12.096976599191553(+/-)0.001638633140392909; Estimated Mean: 12.096734010304827; Bias: -0.000242588886726125
2024-08-20 15:58:28 - (4.0) IAT: 2.01; (max_lag=30)
2024-08-20 15:58:28 - (4.0) ESS/TOT: 0.56
2024-08-20 15:58:28 - Convergance: R-hat = 1.89
2024-08-20 15:58:28 - Population of the eStates
2024-08-20 15:58:29 - (0.5) eState: 0.0, Populated: 100.00%
2024-08-20 15:58:29 - (2.0) eState: 0.0, Populated: 100.00%
2024-08-20 15:58:29 - (4.0) eState: 0.0, Populated: 100.00%
